<?xml version="1.0" encoding="UTF-8"?>
<testsuite name="Web UI Tests for Demoblaze" tests="6" skipped="0" failures="0" errors="0" timestamp="2025-05-03T04:59:31" hostname="DESKTOP-UG1707P" time="30.676">
  <properties/>
  <testcase name="Open homepage and verify title" classname="Web UI Tests for Demoblaze" time="4.648"/>
  <testcase name="View category Phones" classname="Web UI Tests for Demoblaze" time="2.669"/>
  <testcase name="Open a product from the homepage" classname="Web UI Tests for Demoblaze" time="3.559"/>
  <testcase name="Try login with wrong credentials (Negative)" classname="Web UI Tests for Demoblaze" time="5.763"/>
  <testcase name="Add product to cart" classname="Web UI Tests for Demoblaze" time="5.99"/>
  <testcase name="End-to-End Test - Add to cart and place order" classname="Web UI Tests for Demoblaze" time="8.047"/>
  <system-out><![CDATA[
@web
Scenario: Open homepage and verify title      ?[90m# src/test/resources/web/features/login.feature:4?[0m
  ?[32mGiven ?[0m?[32mI navigate to the demoblaze homepage?[0m  ?[90m# web.stepdefinitions.HomePageSteps.iNavigateToTheDemoblazeHomepage()?[0m
  ?[32mThen ?[0m?[32mI should see the title ?[0m?[32m?[1m"PRODUCT STORE"?[0m ?[90m# web.stepdefinitions.HomePageSteps.iShouldSeeTheTitle(java.lang.String)?[0m

@web
Scenario: View category Phones               ?[90m# src/test/resources/web/features/login.feature:8?[0m
  ?[32mGiven ?[0m?[32mI navigate to the demoblaze homepage?[0m ?[90m# web.stepdefinitions.HomePageSteps.iNavigateToTheDemoblazeHomepage()?[0m
  ?[32mWhen ?[0m?[32mI click on the ?[0m?[32m?[1m"Phones"?[0m?[32m category?[0m      ?[90m# web.stepdefinitions.HomePageSteps.iClickOnTheCategory(java.lang.String)?[0m
  ?[32mThen ?[0m?[32mI should see phones listed?[0m            ?[90m# web.stepdefinitions.HomePageSteps.iShouldSeePhonesListed()?[0m

@web
Scenario: Open a product from the homepage   ?[90m# src/test/resources/web/features/login.feature:13?[0m
  ?[32mGiven ?[0m?[32mI navigate to the demoblaze homepage?[0m ?[90m# web.stepdefinitions.HomePageSteps.iNavigateToTheDemoblazeHomepage()?[0m
  ?[32mWhen ?[0m?[32mI click on the first product?[0m          ?[90m# web.stepdefinitions.HomePageSteps.iClickOnTheFirstProduct()?[0m
  ?[32mThen ?[0m?[32mI should see the product details?[0m      ?[90m# web.stepdefinitions.HomePageSteps.iShouldSeeTheProductDetails()?[0m

@web
Scenario: Try login with wrong credentials (Negative)      ?[90m# src/test/resources/web/features/login.feature:18?[0m
  ?[32mGiven ?[0m?[32mI navigate to the demoblaze homepage?[0m               ?[90m# web.stepdefinitions.HomePageSteps.iNavigateToTheDemoblazeHomepage()?[0m
  ?[32mWhen ?[0m?[32mI login with ?[0m?[32m?[1m"RANDOMUSERNAMEKOKOKO"?[0m?[32m and ?[0m?[32m?[1m"wrongpass"?[0m ?[90m# web.stepdefinitions.HomePageSteps.iLoginWithAnd(java.lang.String,java.lang.String)?[0m
  ?[32mThen ?[0m?[32mI should see a login error?[0m                          ?[90m# web.stepdefinitions.HomePageSteps.iShouldSeeALoginError()?[0m

@web
Scenario: Add product to cart                ?[90m# src/test/resources/web/features/login.feature:23?[0m
  ?[32mGiven ?[0m?[32mI navigate to the demoblaze homepage?[0m ?[90m# web.stepdefinitions.HomePageSteps.iNavigateToTheDemoblazeHomepage()?[0m
  ?[32mWhen ?[0m?[32mI click on the first product?[0m          ?[90m# web.stepdefinitions.HomePageSteps.iClickOnTheFirstProduct()?[0m
  ?[32mAnd ?[0m?[32mI add it to the cart?[0m                   ?[90m# web.stepdefinitions.HomePageSteps.iAddItToTheCart()?[0m
  ?[32mThen ?[0m?[32mI should see a confirmation alert?[0m     ?[90m# web.stepdefinitions.HomePageSteps.iShouldSeeAConfirmationAlert()?[0m

@web
Scenario: End-to-End Test - Add to cart and place order ?[90m# src/test/resources/web/features/login.feature:29?[0m
  ?[32mGiven ?[0m?[32mI navigate to the demoblaze homepage?[0m            ?[90m# web.stepdefinitions.HomePageSteps.iNavigateToTheDemoblazeHomepage()?[0m
  ?[32mWhen ?[0m?[32mI click on the first product?[0m                     ?[90m# web.stepdefinitions.HomePageSteps.iClickOnTheFirstProduct()?[0m
  ?[32mAnd ?[0m?[32mI add it to the cart?[0m                              ?[90m# web.stepdefinitions.HomePageSteps.iAddItToTheCart()?[0m
  ?[32mAnd ?[0m?[32mI should see a confirmation alert?[0m                 ?[90m# web.stepdefinitions.HomePageSteps.iShouldSeeAConfirmationAlert()?[0m
  ?[32mAnd ?[0m?[32mI go to the cart and place the order with details?[0m ?[90m# web.stepdefinitions.HomePageSteps.iGoToTheCartAndPlaceTheOrderWithDetails()?[0m
  ?[32mThen ?[0m?[32mI should see a purchase confirmation?[0m             ?[90m# web.stepdefinitions.HomePageSteps.iShouldSeeAPurchaseConfirmation()?[0m
]]></system-out>
  <system-err><![CDATA[May 03, 2025 11:59:34 AM org.openqa.selenium.devtools.CdpVersionFinder findNearestMatch
WARNING: Unable to find CDP implementation matching 135
May 03, 2025 11:59:34 AM org.openqa.selenium.chromium.ChromiumDriver lambda$new$5
WARNING: Unable to find version of CDP to use for 135.0.7049.116. You may need to include a dependency on a specific version of the CDP using something similar to `org.seleniumhq.selenium:selenium-devtools-v86:4.14.0` where the version ("v86") matches the version of the chromium-based browser you're using and the version number of the artifact is the same as Selenium's.
May 03, 2025 11:59:36 AM org.openqa.selenium.devtools.CdpVersionFinder findNearestMatch
WARNING: Unable to find CDP implementation matching 135
May 03, 2025 11:59:36 AM org.openqa.selenium.chromium.ChromiumDriver lambda$new$5
WARNING: Unable to find version of CDP to use for 135.0.7049.116. You may need to include a dependency on a specific version of the CDP using something similar to `org.seleniumhq.selenium:selenium-devtools-v86:4.14.0` where the version ("v86") matches the version of the chromium-based browser you're using and the version number of the artifact is the same as Selenium's.
May 03, 2025 11:59:39 AM org.openqa.selenium.devtools.CdpVersionFinder findNearestMatch
WARNING: Unable to find CDP implementation matching 135
May 03, 2025 11:59:39 AM org.openqa.selenium.chromium.ChromiumDriver lambda$new$5
WARNING: Unable to find version of CDP to use for 135.0.7049.116. You may need to include a dependency on a specific version of the CDP using something similar to `org.seleniumhq.selenium:selenium-devtools-v86:4.14.0` where the version ("v86") matches the version of the chromium-based browser you're using and the version number of the artifact is the same as Selenium's.
May 03, 2025 11:59:43 AM org.openqa.selenium.devtools.CdpVersionFinder findNearestMatch
WARNING: Unable to find CDP implementation matching 135
May 03, 2025 11:59:43 AM org.openqa.selenium.chromium.ChromiumDriver lambda$new$5
WARNING: Unable to find version of CDP to use for 135.0.7049.116. You may need to include a dependency on a specific version of the CDP using something similar to `org.seleniumhq.selenium:selenium-devtools-v86:4.14.0` where the version ("v86") matches the version of the chromium-based browser you're using and the version number of the artifact is the same as Selenium's.
May 03, 2025 11:59:48 AM org.openqa.selenium.devtools.CdpVersionFinder findNearestMatch
WARNING: Unable to find CDP implementation matching 135
May 03, 2025 11:59:48 AM org.openqa.selenium.chromium.ChromiumDriver lambda$new$5
WARNING: Unable to find version of CDP to use for 135.0.7049.116. You may need to include a dependency on a specific version of the CDP using something similar to `org.seleniumhq.selenium:selenium-devtools-v86:4.14.0` where the version ("v86") matches the version of the chromium-based browser you're using and the version number of the artifact is the same as Selenium's.
May 03, 2025 11:59:54 AM org.openqa.selenium.devtools.CdpVersionFinder findNearestMatch
WARNING: Unable to find CDP implementation matching 135
May 03, 2025 11:59:54 AM org.openqa.selenium.chromium.ChromiumDriver lambda$new$5
WARNING: Unable to find version of CDP to use for 135.0.7049.116. You may need to include a dependency on a specific version of the CDP using something similar to `org.seleniumhq.selenium:selenium-devtools-v86:4.14.0` where the version ("v86") matches the version of the chromium-based browser you're using and the version number of the artifact is the same as Selenium's.
]]></system-err>
</testsuite>
